<?xml version="1.0" encoding="UTF-8"?>
<!-- Generated by org.testng.reporters.JUnitXMLReporter -->
<testsuite ignored="0" hostname="LE15-ABA2-IND" failures="4" tests="4" name="Test" time="14.573" errors="0" timestamp="2023-05-23T01:30:22 IST">
  <testcase classname="io.cucumber.testng.AbstractTestNGCucumberTests" name="runScenario" time="2.981">
    <failure type="java.lang.NullPointerException">
      <![CDATA[java.lang.NullPointerException
at com.Swiggy.SwiggyPageObjects.<init>(SwiggyPageObjects.java:25)
at swiggyStepDefinitions.SwiggySteps.BeforeAll(SwiggySteps.java:28)
]]>
    </failure>
  </testcase> <!-- runScenario -->
  <testcase classname="io.cucumber.testng.AbstractTestNGCucumberTests" name="runScenario" time="3.462">
    <failure type="java.lang.NullPointerException">
      <![CDATA[java.lang.NullPointerException
at com.Swiggy.SwiggyPageObjects.<init>(SwiggyPageObjects.java:25)
at swiggyStepDefinitions.SwiggySteps.BeforeAll(SwiggySteps.java:28)
]]>
    </failure>
  </testcase> <!-- runScenario -->
  <testcase classname="io.cucumber.testng.AbstractTestNGCucumberTests" name="runScenario" time="3.342">
    <failure type="java.lang.NullPointerException">
      <![CDATA[java.lang.NullPointerException
at com.Swiggy.SwiggyPageObjects.<init>(SwiggyPageObjects.java:25)
at swiggyStepDefinitions.SwiggySteps.BeforeAll(SwiggySteps.java:28)
]]>
    </failure>
  </testcase> <!-- runScenario -->
  <testcase classname="io.cucumber.testng.AbstractTestNGCucumberTests" name="runScenario" time="4.467">
    <failure type="java.lang.NullPointerException">
      <![CDATA[java.lang.NullPointerException
at com.Swiggy.SwiggyPageObjects.<init>(SwiggyPageObjects.java:25)
at swiggyStepDefinitions.SwiggySteps.BeforeAll(SwiggySteps.java:28)
]]>
    </failure>
  </testcase> <!-- runScenario -->
</testsuite> <!-- Test -->
