<?xml version="1.0" encoding="UTF-8"?>
<!-- Generated by org.testng.reporters.JUnitXMLReporter -->
<testsuite ignored="0" hostname="LE15-ABA2-IND" failures="4" tests="4" name="Surefire test" time="12.817" errors="0" timestamp="2023-05-23T02:41:35 IST">
  <testcase classname="io.cucumber.testng.AbstractTestNGCucumberTests" name="runScenario" time="3.913">
    <failure type="java.lang.NullPointerException">
      <![CDATA[java.lang.NullPointerException
at com.Swiggy.SwiggyPageObjects.<init>(SwiggyPageObjects.java:25)
at swiggyStepDefinitions.SwiggySteps.BeforeAll(SwiggySteps.java:28)
]]>
    </failure>
  </testcase> <!-- runScenario -->
  <testcase classname="io.cucumber.testng.AbstractTestNGCucumberTests" name="runScenario" time="1.821">
    <failure type="java.lang.NullPointerException">
      <![CDATA[java.lang.NullPointerException
at com.Swiggy.SwiggyPageObjects.<init>(SwiggyPageObjects.java:25)
at swiggyStepDefinitions.SwiggySteps.BeforeAll(SwiggySteps.java:28)
]]>
    </failure>
  </testcase> <!-- runScenario -->
  <testcase classname="io.cucumber.testng.AbstractTestNGCucumberTests" name="runScenario" time="1.998">
    <failure type="java.lang.NullPointerException">
      <![CDATA[java.lang.NullPointerException
at com.Swiggy.SwiggyPageObjects.<init>(SwiggyPageObjects.java:25)
at swiggyStepDefinitions.SwiggySteps.BeforeAll(SwiggySteps.java:28)
]]>
    </failure>
  </testcase> <!-- runScenario -->
  <testcase classname="io.cucumber.testng.AbstractTestNGCucumberTests" name="runScenario" time="2.043">
    <failure type="java.lang.NullPointerException">
      <![CDATA[java.lang.NullPointerException
at com.Swiggy.SwiggyPageObjects.<init>(SwiggyPageObjects.java:25)
at swiggyStepDefinitions.SwiggySteps.BeforeAll(SwiggySteps.java:28)
]]>
    </failure>
  </testcase> <!-- runScenario -->
</testsuite> <!-- Surefire test -->
