<?xml version="1.0" encoding="UTF-8"?>
<testng-results ignored="0" total="4" passed="0" failed="4" skipped="0">
  <reporter-output>
  </reporter-output>
  <suite started-at="2023-05-23T02:41:22 IST" name="Surefire suite" finished-at="2023-05-23T02:41:35 IST" duration-ms="12817">
    <groups>
      <group name="cucumber">
        <method signature="AbstractTestNGCucumberTests.runScenario(io.cucumber.testng.PickleWrapper,io.cucumber.testng.FeatureWrapper)[pri:0, instance:testrunnerswiggy.TestRunnerProject@a2431d0]" name="runScenario" class="io.cucumber.testng.AbstractTestNGCucumberTests"/>
      </group> <!-- cucumber -->
    </groups>
    <test started-at="2023-05-23T02:41:22 IST" name="Surefire test" finished-at="2023-05-23T02:41:35 IST" duration-ms="12817">
      <class name="testrunnerswiggy.TestRunnerProject">
        <test-method is-config="true" signature="setUpClass(org.testng.ITestContext)[pri:0, instance:testrunnerswiggy.TestRunnerProject@a2431d0]" started-at="2023-05-23T02:41:22 IST" name="setUpClass" finished-at="2023-05-23T02:41:24 IST" duration-ms="1295" status="PASS">
          <params>
            <param index="0">
              <value>
                <![CDATA[org.testng.TestRunner@5700c9db]]>
              </value>
            </param>
          </params>
          <reporter-output>
          </reporter-output>
        </test-method> <!-- setUpClass -->
        <test-method signature="runScenario(io.cucumber.testng.PickleWrapper,io.cucumber.testng.FeatureWrapper)[pri:0, instance:testrunnerswiggy.TestRunnerProject@a2431d0]" started-at="2023-05-23T02:41:24 IST" name="runScenario" description="Runs Cucumber Scenarios" data-provider="scenarios" finished-at="2023-05-23T02:41:27 IST" duration-ms="3913" status="FAIL">
          <params>
            <param index="0">
              <value>
                <![CDATA["Check the user is displayed restaurants according to location selected"]]>
              </value>
            </param>
            <param index="1">
              <value>
                <![CDATA["Swiggy Application"]]>
              </value>
            </param>
          </params>
          <exception class="java.lang.NullPointerException">
            <full-stacktrace>
              <![CDATA[java.lang.NullPointerException
at com.Swiggy.SwiggyPageObjects.<init>(SwiggyPageObjects.java:25)
at swiggyStepDefinitions.SwiggySteps.BeforeAll(SwiggySteps.java:28)
]]>
            </full-stacktrace>
          </exception> <!-- java.lang.NullPointerException -->
          <reporter-output>
          </reporter-output>
        </test-method> <!-- runScenario -->
        <test-method signature="runScenario(io.cucumber.testng.PickleWrapper,io.cucumber.testng.FeatureWrapper)[pri:0, instance:testrunnerswiggy.TestRunnerProject@a2431d0]" started-at="2023-05-23T02:41:27 IST" name="runScenario" description="Runs Cucumber Scenarios" data-provider="scenarios" finished-at="2023-05-23T02:41:29 IST" duration-ms="1821" status="FAIL">
          <params>
            <param index="0">
              <value>
                <![CDATA["Check the user is displayed restaurants according to location selected"]]>
              </value>
            </param>
            <param index="1">
              <value>
                <![CDATA["Swiggy Application"]]>
              </value>
            </param>
          </params>
          <exception class="java.lang.NullPointerException">
            <full-stacktrace>
              <![CDATA[java.lang.NullPointerException
at com.Swiggy.SwiggyPageObjects.<init>(SwiggyPageObjects.java:25)
at swiggyStepDefinitions.SwiggySteps.BeforeAll(SwiggySteps.java:28)
]]>
            </full-stacktrace>
          </exception> <!-- java.lang.NullPointerException -->
          <reporter-output>
          </reporter-output>
        </test-method> <!-- runScenario -->
        <test-method signature="runScenario(io.cucumber.testng.PickleWrapper,io.cucumber.testng.FeatureWrapper)[pri:0, instance:testrunnerswiggy.TestRunnerProject@a2431d0]" started-at="2023-05-23T02:41:29 IST" name="runScenario" description="Runs Cucumber Scenarios" data-provider="scenarios" finished-at="2023-05-23T02:41:31 IST" duration-ms="1998" status="FAIL">
          <params>
            <param index="0">
              <value>
                <![CDATA["Check the user is displayed restaurants according to location selected"]]>
              </value>
            </param>
            <param index="1">
              <value>
                <![CDATA["Swiggy Application"]]>
              </value>
            </param>
          </params>
          <exception class="java.lang.NullPointerException">
            <full-stacktrace>
              <![CDATA[java.lang.NullPointerException
at com.Swiggy.SwiggyPageObjects.<init>(SwiggyPageObjects.java:25)
at swiggyStepDefinitions.SwiggySteps.BeforeAll(SwiggySteps.java:28)
]]>
            </full-stacktrace>
          </exception> <!-- java.lang.NullPointerException -->
          <reporter-output>
          </reporter-output>
        </test-method> <!-- runScenario -->
        <test-method signature="runScenario(io.cucumber.testng.PickleWrapper,io.cucumber.testng.FeatureWrapper)[pri:0, instance:testrunnerswiggy.TestRunnerProject@a2431d0]" started-at="2023-05-23T02:41:31 IST" name="runScenario" description="Runs Cucumber Scenarios" data-provider="scenarios" finished-at="2023-05-23T02:41:33 IST" duration-ms="2043" status="FAIL">
          <params>
            <param index="0">
              <value>
                <![CDATA["Check the user is on the selected restaurant page"]]>
              </value>
            </param>
            <param index="1">
              <value>
                <![CDATA["Swiggy Application"]]>
              </value>
            </param>
          </params>
          <exception class="java.lang.NullPointerException">
            <full-stacktrace>
              <![CDATA[java.lang.NullPointerException
at com.Swiggy.SwiggyPageObjects.<init>(SwiggyPageObjects.java:25)
at swiggyStepDefinitions.SwiggySteps.BeforeAll(SwiggySteps.java:28)
]]>
            </full-stacktrace>
          </exception> <!-- java.lang.NullPointerException -->
          <reporter-output>
          </reporter-output>
        </test-method> <!-- runScenario -->
        <test-method is-config="true" signature="tearDownClass()[pri:0, instance:testrunnerswiggy.TestRunnerProject@a2431d0]" started-at="2023-05-23T02:41:33 IST" name="tearDownClass" finished-at="2023-05-23T02:41:35 IST" duration-ms="1680" status="PASS">
          <reporter-output>
          </reporter-output>
        </test-method> <!-- tearDownClass -->
      </class> <!-- testrunnerswiggy.TestRunnerProject -->
    </test> <!-- Surefire test -->
  </suite> <!-- Surefire suite -->
</testng-results>
