<?xml version="1.0" encoding="UTF-8"?>
<testng-results ignored="0" total="3" passed="3" failed="0" skipped="0">
  <reporter-output>
  </reporter-output>
  <suite started-at="2023-05-24T02:23:58 IST" name="Default suite" finished-at="2023-05-24T02:25:27 IST" duration-ms="88804">
    <groups>
      <group name="cucumber">
        <method signature="AbstractTestNGCucumberTests.runScenario(io.cucumber.testng.PickleWrapper,io.cucumber.testng.FeatureWrapper)[pri:0, instance:testrunnerswiggy.TestRunnerProject@1349883]" name="runScenario" class="io.cucumber.testng.AbstractTestNGCucumberTests"/>
      </group> <!-- cucumber -->
    </groups>
    <test started-at="2023-05-24T02:23:58 IST" name="Default test" finished-at="2023-05-24T02:25:27 IST" duration-ms="88804">
      <class name="testrunnerswiggy.TestRunnerProject">
        <test-method is-config="true" signature="setUpClass(org.testng.ITestContext)[pri:0, instance:testrunnerswiggy.TestRunnerProject@1349883]" started-at="2023-05-24T02:23:58 IST" name="setUpClass" finished-at="2023-05-24T02:23:59 IST" duration-ms="478" status="PASS">
          <params>
            <param index="0">
              <value>
                <![CDATA[org.testng.TestRunner@126f8f24]]>
              </value>
            </param>
          </params>
          <reporter-output>
          </reporter-output>
        </test-method> <!-- setUpClass -->
        <test-method signature="runScenario(io.cucumber.testng.PickleWrapper,io.cucumber.testng.FeatureWrapper)[pri:0, instance:testrunnerswiggy.TestRunnerProject@1349883]" started-at="2023-05-24T02:23:59 IST" name="runScenario" description="Runs Cucumber Scenarios" data-provider="scenarios" finished-at="2023-05-24T02:24:28 IST" duration-ms="29005" status="PASS">
          <params>
            <param index="0">
              <value>
                <![CDATA["Check the user is displayed restaurants according to location selected"]]>
              </value>
            </param>
            <param index="1">
              <value>
                <![CDATA["Swiggy Application"]]>
              </value>
            </param>
          </params>
          <reporter-output>
          </reporter-output>
        </test-method> <!-- runScenario -->
        <test-method signature="runScenario(io.cucumber.testng.PickleWrapper,io.cucumber.testng.FeatureWrapper)[pri:0, instance:testrunnerswiggy.TestRunnerProject@1349883]" started-at="2023-05-24T02:24:28 IST" name="runScenario" description="Runs Cucumber Scenarios" data-provider="scenarios" finished-at="2023-05-24T02:24:55 IST" duration-ms="26787" status="PASS">
          <params>
            <param index="0">
              <value>
                <![CDATA["Check the user is displayed restaurants according to location selected"]]>
              </value>
            </param>
            <param index="1">
              <value>
                <![CDATA["Swiggy Application"]]>
              </value>
            </param>
          </params>
          <reporter-output>
          </reporter-output>
        </test-method> <!-- runScenario -->
        <test-method signature="runScenario(io.cucumber.testng.PickleWrapper,io.cucumber.testng.FeatureWrapper)[pri:0, instance:testrunnerswiggy.TestRunnerProject@1349883]" started-at="2023-05-24T02:24:55 IST" name="runScenario" description="Runs Cucumber Scenarios" data-provider="scenarios" finished-at="2023-05-24T02:25:24 IST" duration-ms="29182" status="PASS">
          <params>
            <param index="0">
              <value>
                <![CDATA["Check the user is displayed restaurants according to location selected"]]>
              </value>
            </param>
            <param index="1">
              <value>
                <![CDATA["Swiggy Application"]]>
              </value>
            </param>
          </params>
          <reporter-output>
          </reporter-output>
        </test-method> <!-- runScenario -->
        <test-method is-config="true" signature="tearDownClass()[pri:0, instance:testrunnerswiggy.TestRunnerProject@1349883]" started-at="2023-05-24T02:25:24 IST" name="tearDownClass" finished-at="2023-05-24T02:25:27 IST" duration-ms="3280" status="PASS">
          <reporter-output>
          </reporter-output>
        </test-method> <!-- tearDownClass -->
      </class> <!-- testrunnerswiggy.TestRunnerProject -->
    </test> <!-- Default test -->
  </suite> <!-- Default suite -->
</testng-results>
